0 info it worked if it ends with ok
1 verbose cli [ 'C:\\Program Files\\nodejs\\node.exe',
1 verbose cli   'C:\\Program Files\\nodejs\\node_modules\\npm\\bin\\npm-cli.js',
1 verbose cli   'start' ]
2 info using npm@4.0.5
3 info using node@v7.4.0
4 verbose run-script [ 'prestart', 'start', 'poststart' ]
5 info lifecycle electron-quick-start@1.0.0~prestart: electron-quick-start@1.0.0
6 silly lifecycle electron-quick-start@1.0.0~prestart: no script for prestart, continuing
7 info lifecycle electron-quick-start@1.0.0~start: electron-quick-start@1.0.0
8 verbose lifecycle electron-quick-start@1.0.0~start: unsafe-perm in lifecycle true
9 verbose lifecycle electron-quick-start@1.0.0~start: PATH: C:\Program Files\nodejs\node_modules\npm\bin\node-gyp-bin;C:\Users\Adam\Desktop\Pomodoro\electron-quick-start\node_modules\.bin;C:\Program Files\CMDER\bin;C:\Program Files\Git\bin;C:\Program Files\Git\usr\bin;C:\Program Files\Git\share\vim\vim74;C:\Program Files\CMDER\vendor\conemu-maximus5\ConEmu\Scripts;C:\Python35\Scripts\;C:\Python35\;C:\Python27\;C:\Python27\Scripts;C:\ProgramData\Oracle\Java\javapath;C:\Program Files (x86)\Intel\iCLS Client\;C:\Program Files\Intel\iCLS Client\;C:\Python27;C:Python27\Scripts;C:Python27\lib\site-packages;C:\WINDOWS\system32;C:\WINDOWS;C:\WINDOWS\System32\Wbem;C:\WINDOWS\System32\WindowsPowerShell\v1.0\;C:\Program Files\Microsoft SQL Server\110\Tools\Binn\;C:\Program Files (x86)\Heroku\bin;C:\Program Files (x86)\git\cmd;C:\Program Files (x86)\QuickTime\QTSystem\;C:\Program Files (x86)\Windows Kits\8.1\Windows Performance Toolkit\;C:\Program Files\Microsoft SQL Server\120\Tools\Binn\;C:\Program Files\Intel\Intel(R) Management Engine Components\DAL;C:\Program Files (x86)\Intel\Intel(R) Management Engine Components\DAL;C:\Program Files\Intel\Intel(R) Management Engine Components\IPT;C:\Program Files (x86)\Intel\Intel(R) Management Engine Components\IPT;C:\Program Files (x86)\NVIDIA Corporation\PhysX\Common;C:\Program Files\Perforce;C:\Program Files (x86)\GtkSharp\2.12\bin;C:\WINDOWS\system32;C:\WINDOWS;C:\WINDOWS\System32\Wbem;C:\WINDOWS\System32\WindowsPowerShell\v1.0\;C:\Program Files\Microsoft\Web Platform Installer\;C:\Program Files (x86)\Skype\Phone\;C:\Program Files\erl7.2.1\bin;C:\Program Files (x86)\Elixir\bin;C:\Program Files (x86)\Brackets\command;C:\Program Files (x86)\Windows Live\Shared;C:\Users\Adam\AppData\Local\atom\bin;C:\Go\bin;C:\Program Files\Git\cmd;C:\Users\Adam\AppData\Roaming\nvm;C:\Program Files\nodejs;C:\Program Files\MySQL\MySQL Utilities 1.6\;C:\WINDOWS\system32\config\systemprofile\.mix\escripts;C:\Program Files\nodejs\;C:\Users\Adam\AppData\Local\Programs\Python\Python36-32\Scripts\;C:\Users\Adam\AppData\Local\Programs\Python\Python36-32\;C:\Program Files\CMDER\bin;C:\Program Files\CMDER\vendor\msysgit\bin;C:\Program Files\CMDER\vendor\msysgit\mingw\bin;C:\Program Files\CMDER\vendor\msysgit\cmd;C:\Program Files\CMDER\vendor\msysgit\share\vim\vim74;C:\Program Files\CMDER;C:\Program Files\CMDER\vendor\conemu-maximus5\ConEmu;C:\Program Files\CMDER\vendor\conemu-maximus5;C:\ProgramData\Oracle\Java\javapath;C:\Program Files (x86)\Intel\iCLS Client\;C:\Program Files\Intel\iCLS Client\;C:\WINDOWS\system32;C:\WINDOWS;C:\WINDOWS\System32\Wbem;C:\WINDOWS\System32\WindowsPowerShell\v1.0\;C:\Program Files\Microsoft SQL Server\110\Tools\Binn\;C:\Program Files (x86)\Heroku\bin;C:\Program Files (x86)\git\cmd;C:\Program Files (x86)\QuickTime\QTSystem\;C:\Program Files (x86)\Windows Kits\8.1\Windows Performance Toolkit\;C:\Program Files (x86)\Microsoft SDKs\TypeScript\1.0\;C:\Program Files\Microsoft SQL Server\120\Tools\Binn\;C:\Program Files (x8;C:\Program Files (x86)\Microsoft VS Code\bin;C:\Users\Adam\AppData\Roaming\npm;C:\Program Files\CMDER
10 verbose lifecycle electron-quick-start@1.0.0~start: CWD: C:\Users\Adam\Desktop\Pomodoro\electron-quick-start
11 silly lifecycle electron-quick-start@1.0.0~start: Args: [ '/d /s /c', 'electron .' ]
12 silly lifecycle electron-quick-start@1.0.0~start: Returned: code: 3221225786  signal: null
13 info lifecycle electron-quick-start@1.0.0~start: Failed to exec start script
14 verbose stack Error: electron-quick-start@1.0.0 start: `electron .`
14 verbose stack Exit status 3221225786
14 verbose stack     at EventEmitter.<anonymous> (C:\Program Files\nodejs\node_modules\npm\lib\utils\lifecycle.js:279:16)
14 verbose stack     at emitTwo (events.js:106:13)
14 verbose stack     at EventEmitter.emit (events.js:191:7)
14 verbose stack     at ChildProcess.<anonymous> (C:\Program Files\nodejs\node_modules\npm\lib\utils\spawn.js:40:14)
14 verbose stack     at emitTwo (events.js:106:13)
14 verbose stack     at ChildProcess.emit (events.js:191:7)
14 verbose stack     at maybeClose (internal/child_process.js:885:16)
14 verbose stack     at Process.ChildProcess._handle.onexit (internal/child_process.js:226:5)
15 verbose pkgid electron-quick-start@1.0.0
16 verbose cwd C:\Users\Adam\Desktop\Pomodoro\electron-quick-start
17 error Windows_NT 10.0.14393
18 error argv "C:\\Program Files\\nodejs\\node.exe" "C:\\Program Files\\nodejs\\node_modules\\npm\\bin\\npm-cli.js" "start"
19 error node v7.4.0
20 error npm  v4.0.5
21 error code ELIFECYCLE
22 error electron-quick-start@1.0.0 start: `electron .`
22 error Exit status 3221225786
23 error Failed at the electron-quick-start@1.0.0 start script 'electron .'.
23 error Make sure you have the latest version of node.js and npm installed.
23 error If you do, this is most likely a problem with the electron-quick-start package,
23 error not with npm itself.
23 error Tell the author that this fails on your system:
23 error     electron .
23 error You can get information on how to open an issue for this project with:
23 error     npm bugs electron-quick-start
23 error Or if that isn't available, you can get their info via:
23 error     npm owner ls electron-quick-start
23 error There is likely additional logging output above.
24 verbose exit [ 1, true ]
